TN:
SF:index.js
FN:26,(anonymous_0)
FN:31,(anonymous_1)
FN:33,(anonymous_2)
FN:39,(anonymous_3)
FN:55,(anonymous_4)
FN:57,(anonymous_5)
FN:72,(anonymous_6)
FN:74,(anonymous_7)
FN:84,(anonymous_8)
FNF:9
FNH:9
FNDA:1,(anonymous_0)
FNDA:2,(anonymous_1)
FNDA:4,(anonymous_2)
FNDA:2,(anonymous_3)
FNDA:2,(anonymous_4)
FNDA:2,(anonymous_5)
FNDA:2,(anonymous_6)
FNDA:4,(anonymous_7)
FNDA:1,(anonymous_8)
DA:1,1
DA:2,1
DA:3,1
DA:5,1
DA:7,1
DA:26,1
DA:27,1
DA:31,1
DA:32,2
DA:33,4
DA:34,2
DA:35,1
DA:39,1
DA:40,2
DA:42,2
DA:44,1
DA:50,1
DA:51,1
DA:55,1
DA:56,2
DA:57,2
DA:58,2
DA:60,2
DA:62,2
DA:64,1
DA:65,1
DA:67,1
DA:72,1
DA:73,2
DA:74,4
DA:75,2
DA:77,1
DA:78,1
DA:79,1
DA:83,1
DA:84,1
LF:36
LH:36
BRDA:34,0,0,1
BRDA:34,0,1,1
BRDA:42,1,0,1
BRDA:42,1,1,1
BRDA:58,2,0,0
BRDA:58,2,1,2
BRDA:62,3,0,1
BRDA:62,3,1,1
BRDA:75,4,0,1
BRDA:75,4,1,1
BRDA:83,5,0,1
BRDA:83,5,1,1
BRF:12
BRH:11
end_of_record
TN:
SF:utils\task-schema.js
FN:8,(anonymous_0)
FNF:1
FNH:1
FNDA:4,(anonymous_0)
DA:1,1
DA:3,1
DA:8,4
LF:3
LH:3
BRF:0
BRH:0
end_of_record
